<?xml version="1.0" encoding="UTF-8"?>
<!-- Generated by org.testng.reporters.JUnitXMLReporter -->
<testsuite hostname="macpk-wks-0135" ignored="0" name="Default test" tests="26" failures="1" timestamp="2020-09-01T20:27:57 PKT" time="131.282" errors="0">
  <testcase name="Orders_Signin" time="4.424" classname="OrdersAPI.API.ExecutionFile"/>
  <testcase name="POST_Orders" time="7.696" classname="OrdersAPI.API.ExecutionFile"/>
  <testcase name="GetCreatedOrder_FromID" time="3.794" classname="OrdersAPI.API.ExecutionFile"/>
  <testcase name="GetCreatedOrder_FromNumber" time="2.103" classname="OrdersAPI.API.ExecutionFile"/>
  <testcase name="POSTNotes_Order" time="3.185" classname="OrdersAPI.API.ExecutionFile"/>
  <testcase name="UpdateNotes_Order" time="3.161" classname="OrdersAPI.API.ExecutionFile"/>
  <testcase name="GETCreatedNotes_NotesID" time="3.293" classname="OrdersAPI.API.ExecutionFile"/>
  <testcase name="GETAllNotes" time="4.026" classname="OrdersAPI.API.ExecutionFile"/>
  <testcase name="Delete_CreatedNotes" time="5.279" classname="OrdersAPI.API.ExecutionFile"/>
  <testcase name="PostCustomProduct_LineItem" time="3.709" classname="OrdersAPI.API.ExecutionFile"/>
  <testcase name="PostCustomProduct_LineItem_FieldValidaion" time="2.015" classname="OrdersAPI.API.ExecutionFile"/>
  <testcase name="GetCustomProduct_LineItem" time="3.266" classname="OrdersAPI.API.ExecutionFile"/>
  <testcase name="GetAllCustomProduct_LineItem" time="1.724" classname="OrdersAPI.API.ExecutionFile"/>
  <testcase name="Import_LineItem" time="5.724" classname="OrdersAPI.API.ExecutionFile"/>
  <testcase name="GetAmountDue_FromOrder" time="4.466" classname="OrdersAPI.API.ExecutionFile"/>
  <testcase name="PostPaymentsUnderOrder" time="5.595" classname="OrdersAPI.API.ExecutionFile"/>
  <testcase name="GetPaymentsRecordUnderOrder_PaymentID" time="2.366" classname="OrdersAPI.API.ExecutionFile"/>
  <testcase name="UpdatePaymentsRecordUnderOrder" time="3.203" classname="OrdersAPI.API.ExecutionFile"/>
  <testcase name="GetAllPaymentsRecords" time="1.755" classname="OrdersAPI.API.ExecutionFile"/>
  <testcase name="PostSalesOrders_UnderOrder" time="5.367" classname="OrdersAPI.API.ExecutionFile"/>
  <testcase name="PostReorder_UnderOrder" time="9.359" classname="OrdersAPI.API.ExecutionFile"/>
  <testcase name="PostTitle_LineItem" time="3.419" classname="OrdersAPI.API.ExecutionFile"/>
  <testcase name="PostQuote_UnderOrder" time="3.954" classname="OrdersAPI.API.ExecutionFile"/>
  <testcase name="UpdateTitle_LineItem" time="4.235" classname="OrdersAPI.API.ExecutionFile"/>
  <testcase name="PostEmail_UnderOrder" time="28.731" classname="OrdersAPI.API.ExecutionFile"/>
  <testcase name="Delete_CreatedOrder" time="2.698" classname="OrdersAPI.API.ExecutionFile">
    <failure type="java.lang.AssertionError" message="expected [200] but found [500]">
      <![CDATA[java.lang.AssertionError: expected [200] but found [500]
at org.testng.Assert.fail(Assert.java:97)
at org.testng.Assert.assertEqualsImpl(Assert.java:136)
at org.testng.Assert.assertEquals(Assert.java:118)
at org.testng.Assert.assertEquals(Assert.java:839)
at org.testng.Assert.assertEquals(Assert.java:849)
at OrdersAPI.API.OrdersAPI.Delete_CreatedOrder(OrdersAPI.java:806)
at OrdersAPI.API.ExecutionFile.Delete_CreatedOrder(ExecutionFile.java:173)
at sun.reflect.NativeMethodAccessorImpl.invoke0(Native Method)
at sun.reflect.NativeMethodAccessorImpl.invoke(Unknown Source)
at sun.reflect.DelegatingMethodAccessorImpl.invoke(Unknown Source)
at java.lang.reflect.Method.invoke(Unknown Source)
at org.testng.internal.MethodInvocationHelper.invokeMethod(MethodInvocationHelper.java:135)
at org.testng.internal.TestInvoker.invokeMethod(TestInvoker.java:598)
at org.testng.internal.TestInvoker.invokeTestMethod(TestInvoker.java:174)
at org.testng.internal.MethodRunner.runInSequence(MethodRunner.java:46)
at org.testng.internal.TestInvoker$MethodInvocationAgent.invoke(TestInvoker.java:821)
at org.testng.internal.TestInvoker.invokeTestMethods(TestInvoker.java:147)
at org.testng.internal.TestMethodWorker.invokeTestMethods(TestMethodWorker.java:146)
at org.testng.internal.TestMethodWorker.run(TestMethodWorker.java:128)
at java.util.ArrayList.forEach(Unknown Source)
at org.testng.TestRunner.privateRun(TestRunner.java:767)
at org.testng.TestRunner.run(TestRunner.java:588)
at org.testng.SuiteRunner.runTest(SuiteRunner.java:384)
at org.testng.SuiteRunner.runSequentially(SuiteRunner.java:378)
at org.testng.SuiteRunner.privateRun(SuiteRunner.java:337)
at org.testng.SuiteRunner.run(SuiteRunner.java:286)
at org.testng.SuiteRunnerWorker.runSuite(SuiteRunnerWorker.java:53)
at org.testng.SuiteRunnerWorker.run(SuiteRunnerWorker.java:96)
at org.testng.TestNG.runSuitesSequentially(TestNG.java:1214)
at org.testng.TestNG.runSuitesLocally(TestNG.java:1136)
at org.testng.TestNG.runSuites(TestNG.java:1066)
at org.testng.TestNG.run(TestNG.java:1034)
at org.testng.remote.AbstractRemoteTestNG.run(AbstractRemoteTestNG.java:115)
at org.testng.remote.RemoteTestNG.initAndRun(RemoteTestNG.java:251)
at org.testng.remote.RemoteTestNG.main(RemoteTestNG.java:77)
]]>
    </failure>
  </testcase> <!-- Delete_CreatedOrder -->
</testsuite> <!-- Default test -->
